INFO:     Started server process [7485]
INFO:     Waiting for application startup.
INFO:     Application startup complete.
INFO:     Uvicorn running on http://0.0.0.0:8000 (Press CTRL+C to quit)
Starting API server on port 8000
API URLs:
  - http://localhost:8000/v1/analysis/summary
  - http://localhost:8000/v1/analysis/weights
  - http://localhost:8000/docs (API documentation)
INFO:     127.0.0.1:49748 - "GET /v1/analysis/summary HTTP/1.1" 500 Internal Server Error
ERROR:    Exception in ASGI application
Traceback (most recent call last):
  File "/Users/antenehtessema/Desktop/botsalgo/venv/lib/python3.11/site-packages/uvicorn/protocols/http/h11_impl.py", line 412, in run_asgi
    result = await app(  # type: ignore[func-returns-value]
             ^^^^^^^^^^^^^^^^^^^^^^^^^^^^^^^^^^^^^^^^^^^^^^
  File "/Users/antenehtessema/Desktop/botsalgo/venv/lib/python3.11/site-packages/uvicorn/middleware/proxy_headers.py", line 84, in __call__
    return await self.app(scope, receive, send)
           ^^^^^^^^^^^^^^^^^^^^^^^^^^^^^^^^^^^^
  File "/Users/antenehtessema/Desktop/botsalgo/venv/lib/python3.11/site-packages/fastapi/applications.py", line 1054, in __call__
    await super().__call__(scope, receive, send)
  File "/Users/antenehtessema/Desktop/botsalgo/venv/lib/python3.11/site-packages/starlette/applications.py", line 123, in __call__
    await self.middleware_stack(scope, receive, send)
  File "/Users/antenehtessema/Desktop/botsalgo/venv/lib/python3.11/site-packages/starlette/middleware/errors.py", line 186, in __call__
    raise exc
  File "/Users/antenehtessema/Desktop/botsalgo/venv/lib/python3.11/site-packages/starlette/middleware/errors.py", line 164, in __call__
    await self.app(scope, receive, _send)
  File "/Users/antenehtessema/Desktop/botsalgo/venv/lib/python3.11/site-packages/starlette/middleware/cors.py", line 83, in __call__
    await self.app(scope, receive, send)
  File "/Users/antenehtessema/Desktop/botsalgo/venv/lib/python3.11/site-packages/starlette/middleware/exceptions.py", line 62, in __call__
    await wrap_app_handling_exceptions(self.app, conn)(scope, receive, send)
  File "/Users/antenehtessema/Desktop/botsalgo/venv/lib/python3.11/site-packages/starlette/_exception_handler.py", line 64, in wrapped_app
    raise exc
  File "/Users/antenehtessema/Desktop/botsalgo/venv/lib/python3.11/site-packages/starlette/_exception_handler.py", line 53, in wrapped_app
    await app(scope, receive, sender)
  File "/Users/antenehtessema/Desktop/botsalgo/venv/lib/python3.11/site-packages/starlette/routing.py", line 758, in __call__
    await self.middleware_stack(scope, receive, send)
  File "/Users/antenehtessema/Desktop/botsalgo/venv/lib/python3.11/site-packages/starlette/routing.py", line 778, in app
    await route.handle(scope, receive, send)
  File "/Users/antenehtessema/Desktop/botsalgo/venv/lib/python3.11/site-packages/starlette/routing.py", line 299, in handle
    await self.app(scope, receive, send)
  File "/Users/antenehtessema/Desktop/botsalgo/venv/lib/python3.11/site-packages/starlette/routing.py", line 79, in app
    await wrap_app_handling_exceptions(app, request)(scope, receive, send)
  File "/Users/antenehtessema/Desktop/botsalgo/venv/lib/python3.11/site-packages/starlette/_exception_handler.py", line 64, in wrapped_app
    raise exc
  File "/Users/antenehtessema/Desktop/botsalgo/venv/lib/python3.11/site-packages/starlette/_exception_handler.py", line 53, in wrapped_app
    await app(scope, receive, sender)
  File "/Users/antenehtessema/Desktop/botsalgo/venv/lib/python3.11/site-packages/starlette/routing.py", line 74, in app
    response = await func(request)
               ^^^^^^^^^^^^^^^^^^^
  File "/Users/antenehtessema/Desktop/botsalgo/venv/lib/python3.11/site-packages/fastapi/routing.py", line 307, in app
    response = actual_response_class(content, **response_args)
               ^^^^^^^^^^^^^^^^^^^^^^^^^^^^^^^^^^^^^^^^^^^^^^^
  File "/Users/antenehtessema/Desktop/botsalgo/venv/lib/python3.11/site-packages/starlette/responses.py", line 183, in __init__
    super().__init__(content, status_code, headers, media_type, background)
  File "/Users/antenehtessema/Desktop/botsalgo/venv/lib/python3.11/site-packages/starlette/responses.py", line 41, in __init__
    self.body = self.render(content)
                ^^^^^^^^^^^^^^^^^^^^
  File "/Users/antenehtessema/Desktop/botsalgo/venv/lib/python3.11/site-packages/starlette/responses.py", line 186, in render
    return json.dumps(
           ^^^^^^^^^^^
  File "/Users/antenehtessema/.pyenv/versions/3.11.7/lib/python3.11/json/__init__.py", line 238, in dumps
    **kw).encode(obj)
          ^^^^^^^^^^^
  File "/Users/antenehtessema/.pyenv/versions/3.11.7/lib/python3.11/json/encoder.py", line 200, in encode
    chunks = self.iterencode(o, _one_shot=True)
             ^^^^^^^^^^^^^^^^^^^^^^^^^^^^^^^^^^
  File "/Users/antenehtessema/.pyenv/versions/3.11.7/lib/python3.11/json/encoder.py", line 258, in iterencode
    return _iterencode(o, 0)
           ^^^^^^^^^^^^^^^^^
ValueError: Out of range float values are not JSON compliant
INFO:     127.0.0.1:49757 - "GET /v1/analysis/summary HTTP/1.1" 500 Internal Server Error
ERROR:    Exception in ASGI application
Traceback (most recent call last):
  File "/Users/antenehtessema/Desktop/botsalgo/venv/lib/python3.11/site-packages/uvicorn/protocols/http/h11_impl.py", line 412, in run_asgi
    result = await app(  # type: ignore[func-returns-value]
             ^^^^^^^^^^^^^^^^^^^^^^^^^^^^^^^^^^^^^^^^^^^^^^
  File "/Users/antenehtessema/Desktop/botsalgo/venv/lib/python3.11/site-packages/uvicorn/middleware/proxy_headers.py", line 84, in __call__
    return await self.app(scope, receive, send)
           ^^^^^^^^^^^^^^^^^^^^^^^^^^^^^^^^^^^^
  File "/Users/antenehtessema/Desktop/botsalgo/venv/lib/python3.11/site-packages/fastapi/applications.py", line 1054, in __call__
    await super().__call__(scope, receive, send)
  File "/Users/antenehtessema/Desktop/botsalgo/venv/lib/python3.11/site-packages/starlette/applications.py", line 123, in __call__
    await self.middleware_stack(scope, receive, send)
  File "/Users/antenehtessema/Desktop/botsalgo/venv/lib/python3.11/site-packages/starlette/middleware/errors.py", line 186, in __call__
    raise exc
  File "/Users/antenehtessema/Desktop/botsalgo/venv/lib/python3.11/site-packages/starlette/middleware/errors.py", line 164, in __call__
    await self.app(scope, receive, _send)
  File "/Users/antenehtessema/Desktop/botsalgo/venv/lib/python3.11/site-packages/starlette/middleware/cors.py", line 83, in __call__
    await self.app(scope, receive, send)
  File "/Users/antenehtessema/Desktop/botsalgo/venv/lib/python3.11/site-packages/starlette/middleware/exceptions.py", line 62, in __call__
    await wrap_app_handling_exceptions(self.app, conn)(scope, receive, send)
  File "/Users/antenehtessema/Desktop/botsalgo/venv/lib/python3.11/site-packages/starlette/_exception_handler.py", line 64, in wrapped_app
    raise exc
  File "/Users/antenehtessema/Desktop/botsalgo/venv/lib/python3.11/site-packages/starlette/_exception_handler.py", line 53, in wrapped_app
    await app(scope, receive, sender)
  File "/Users/antenehtessema/Desktop/botsalgo/venv/lib/python3.11/site-packages/starlette/routing.py", line 758, in __call__
    await self.middleware_stack(scope, receive, send)
  File "/Users/antenehtessema/Desktop/botsalgo/venv/lib/python3.11/site-packages/starlette/routing.py", line 778, in app
    await route.handle(scope, receive, send)
  File "/Users/antenehtessema/Desktop/botsalgo/venv/lib/python3.11/site-packages/starlette/routing.py", line 299, in handle
    await self.app(scope, receive, send)
  File "/Users/antenehtessema/Desktop/botsalgo/venv/lib/python3.11/site-packages/starlette/routing.py", line 79, in app
    await wrap_app_handling_exceptions(app, request)(scope, receive, send)
  File "/Users/antenehtessema/Desktop/botsalgo/venv/lib/python3.11/site-packages/starlette/_exception_handler.py", line 64, in wrapped_app
    raise exc
  File "/Users/antenehtessema/Desktop/botsalgo/venv/lib/python3.11/site-packages/starlette/_exception_handler.py", line 53, in wrapped_app
    await app(scope, receive, sender)
  File "/Users/antenehtessema/Desktop/botsalgo/venv/lib/python3.11/site-packages/starlette/routing.py", line 74, in app
    response = await func(request)
               ^^^^^^^^^^^^^^^^^^^
  File "/Users/antenehtessema/Desktop/botsalgo/venv/lib/python3.11/site-packages/fastapi/routing.py", line 307, in app
    response = actual_response_class(content, **response_args)
               ^^^^^^^^^^^^^^^^^^^^^^^^^^^^^^^^^^^^^^^^^^^^^^^
  File "/Users/antenehtessema/Desktop/botsalgo/venv/lib/python3.11/site-packages/starlette/responses.py", line 183, in __init__
    super().__init__(content, status_code, headers, media_type, background)
  File "/Users/antenehtessema/Desktop/botsalgo/venv/lib/python3.11/site-packages/starlette/responses.py", line 41, in __init__
    self.body = self.render(content)
                ^^^^^^^^^^^^^^^^^^^^
  File "/Users/antenehtessema/Desktop/botsalgo/venv/lib/python3.11/site-packages/starlette/responses.py", line 186, in render
    return json.dumps(
           ^^^^^^^^^^^
  File "/Users/antenehtessema/.pyenv/versions/3.11.7/lib/python3.11/json/__init__.py", line 238, in dumps
    **kw).encode(obj)
          ^^^^^^^^^^^
  File "/Users/antenehtessema/.pyenv/versions/3.11.7/lib/python3.11/json/encoder.py", line 200, in encode
    chunks = self.iterencode(o, _one_shot=True)
             ^^^^^^^^^^^^^^^^^^^^^^^^^^^^^^^^^^
  File "/Users/antenehtessema/.pyenv/versions/3.11.7/lib/python3.11/json/encoder.py", line 258, in iterencode
    return _iterencode(o, 0)
           ^^^^^^^^^^^^^^^^^
ValueError: Out of range float values are not JSON compliant
INFO:     127.0.0.1:49760 - "GET /v1/analysis/summary HTTP/1.1" 500 Internal Server Error
ERROR:    Exception in ASGI application
Traceback (most recent call last):
  File "/Users/antenehtessema/Desktop/botsalgo/venv/lib/python3.11/site-packages/uvicorn/protocols/http/h11_impl.py", line 412, in run_asgi
    result = await app(  # type: ignore[func-returns-value]
             ^^^^^^^^^^^^^^^^^^^^^^^^^^^^^^^^^^^^^^^^^^^^^^
  File "/Users/antenehtessema/Desktop/botsalgo/venv/lib/python3.11/site-packages/uvicorn/middleware/proxy_headers.py", line 84, in __call__
    return await self.app(scope, receive, send)
           ^^^^^^^^^^^^^^^^^^^^^^^^^^^^^^^^^^^^
  File "/Users/antenehtessema/Desktop/botsalgo/venv/lib/python3.11/site-packages/fastapi/applications.py", line 1054, in __call__
    await super().__call__(scope, receive, send)
  File "/Users/antenehtessema/Desktop/botsalgo/venv/lib/python3.11/site-packages/starlette/applications.py", line 123, in __call__
    await self.middleware_stack(scope, receive, send)
  File "/Users/antenehtessema/Desktop/botsalgo/venv/lib/python3.11/site-packages/starlette/middleware/errors.py", line 186, in __call__
    raise exc
  File "/Users/antenehtessema/Desktop/botsalgo/venv/lib/python3.11/site-packages/starlette/middleware/errors.py", line 164, in __call__
    await self.app(scope, receive, _send)
  File "/Users/antenehtessema/Desktop/botsalgo/venv/lib/python3.11/site-packages/starlette/middleware/cors.py", line 83, in __call__
    await self.app(scope, receive, send)
  File "/Users/antenehtessema/Desktop/botsalgo/venv/lib/python3.11/site-packages/starlette/middleware/exceptions.py", line 62, in __call__
    await wrap_app_handling_exceptions(self.app, conn)(scope, receive, send)
  File "/Users/antenehtessema/Desktop/botsalgo/venv/lib/python3.11/site-packages/starlette/_exception_handler.py", line 64, in wrapped_app
    raise exc
  File "/Users/antenehtessema/Desktop/botsalgo/venv/lib/python3.11/site-packages/starlette/_exception_handler.py", line 53, in wrapped_app
    await app(scope, receive, sender)
  File "/Users/antenehtessema/Desktop/botsalgo/venv/lib/python3.11/site-packages/starlette/routing.py", line 758, in __call__
    await self.middleware_stack(scope, receive, send)
  File "/Users/antenehtessema/Desktop/botsalgo/venv/lib/python3.11/site-packages/starlette/routing.py", line 778, in app
    await route.handle(scope, receive, send)
  File "/Users/antenehtessema/Desktop/botsalgo/venv/lib/python3.11/site-packages/starlette/routing.py", line 299, in handle
    await self.app(scope, receive, send)
  File "/Users/antenehtessema/Desktop/botsalgo/venv/lib/python3.11/site-packages/starlette/routing.py", line 79, in app
    await wrap_app_handling_exceptions(app, request)(scope, receive, send)
  File "/Users/antenehtessema/Desktop/botsalgo/venv/lib/python3.11/site-packages/starlette/_exception_handler.py", line 64, in wrapped_app
    raise exc
  File "/Users/antenehtessema/Desktop/botsalgo/venv/lib/python3.11/site-packages/starlette/_exception_handler.py", line 53, in wrapped_app
    await app(scope, receive, sender)
  File "/Users/antenehtessema/Desktop/botsalgo/venv/lib/python3.11/site-packages/starlette/routing.py", line 74, in app
    response = await func(request)
               ^^^^^^^^^^^^^^^^^^^
  File "/Users/antenehtessema/Desktop/botsalgo/venv/lib/python3.11/site-packages/fastapi/routing.py", line 307, in app
    response = actual_response_class(content, **response_args)
               ^^^^^^^^^^^^^^^^^^^^^^^^^^^^^^^^^^^^^^^^^^^^^^^
  File "/Users/antenehtessema/Desktop/botsalgo/venv/lib/python3.11/site-packages/starlette/responses.py", line 183, in __init__
    super().__init__(content, status_code, headers, media_type, background)
  File "/Users/antenehtessema/Desktop/botsalgo/venv/lib/python3.11/site-packages/starlette/responses.py", line 41, in __init__
    self.body = self.render(content)
                ^^^^^^^^^^^^^^^^^^^^
  File "/Users/antenehtessema/Desktop/botsalgo/venv/lib/python3.11/site-packages/starlette/responses.py", line 186, in render
    return json.dumps(
           ^^^^^^^^^^^
  File "/Users/antenehtessema/.pyenv/versions/3.11.7/lib/python3.11/json/__init__.py", line 238, in dumps
    **kw).encode(obj)
          ^^^^^^^^^^^
  File "/Users/antenehtessema/.pyenv/versions/3.11.7/lib/python3.11/json/encoder.py", line 200, in encode
    chunks = self.iterencode(o, _one_shot=True)
             ^^^^^^^^^^^^^^^^^^^^^^^^^^^^^^^^^^
  File "/Users/antenehtessema/.pyenv/versions/3.11.7/lib/python3.11/json/encoder.py", line 258, in iterencode
    return _iterencode(o, 0)
           ^^^^^^^^^^^^^^^^^
ValueError: Out of range float values are not JSON compliant
INFO:     127.0.0.1:50273 - "GET /v1/analysis/summary HTTP/1.1" 500 Internal Server Error
ERROR:    Exception in ASGI application
Traceback (most recent call last):
  File "/Users/antenehtessema/Desktop/botsalgo/venv/lib/python3.11/site-packages/uvicorn/protocols/http/h11_impl.py", line 412, in run_asgi
    result = await app(  # type: ignore[func-returns-value]
             ^^^^^^^^^^^^^^^^^^^^^^^^^^^^^^^^^^^^^^^^^^^^^^
  File "/Users/antenehtessema/Desktop/botsalgo/venv/lib/python3.11/site-packages/uvicorn/middleware/proxy_headers.py", line 84, in __call__
    return await self.app(scope, receive, send)
           ^^^^^^^^^^^^^^^^^^^^^^^^^^^^^^^^^^^^
  File "/Users/antenehtessema/Desktop/botsalgo/venv/lib/python3.11/site-packages/fastapi/applications.py", line 1054, in __call__
    await super().__call__(scope, receive, send)
  File "/Users/antenehtessema/Desktop/botsalgo/venv/lib/python3.11/site-packages/starlette/applications.py", line 123, in __call__
    await self.middleware_stack(scope, receive, send)
  File "/Users/antenehtessema/Desktop/botsalgo/venv/lib/python3.11/site-packages/starlette/middleware/errors.py", line 186, in __call__
    raise exc
  File "/Users/antenehtessema/Desktop/botsalgo/venv/lib/python3.11/site-packages/starlette/middleware/errors.py", line 164, in __call__
    await self.app(scope, receive, _send)
  File "/Users/antenehtessema/Desktop/botsalgo/venv/lib/python3.11/site-packages/starlette/middleware/cors.py", line 83, in __call__
    await self.app(scope, receive, send)
  File "/Users/antenehtessema/Desktop/botsalgo/venv/lib/python3.11/site-packages/starlette/middleware/exceptions.py", line 62, in __call__
    await wrap_app_handling_exceptions(self.app, conn)(scope, receive, send)
  File "/Users/antenehtessema/Desktop/botsalgo/venv/lib/python3.11/site-packages/starlette/_exception_handler.py", line 64, in wrapped_app
    raise exc
  File "/Users/antenehtessema/Desktop/botsalgo/venv/lib/python3.11/site-packages/starlette/_exception_handler.py", line 53, in wrapped_app
    await app(scope, receive, sender)
  File "/Users/antenehtessema/Desktop/botsalgo/venv/lib/python3.11/site-packages/starlette/routing.py", line 758, in __call__
    await self.middleware_stack(scope, receive, send)
  File "/Users/antenehtessema/Desktop/botsalgo/venv/lib/python3.11/site-packages/starlette/routing.py", line 778, in app
    await route.handle(scope, receive, send)
  File "/Users/antenehtessema/Desktop/botsalgo/venv/lib/python3.11/site-packages/starlette/routing.py", line 299, in handle
    await self.app(scope, receive, send)
  File "/Users/antenehtessema/Desktop/botsalgo/venv/lib/python3.11/site-packages/starlette/routing.py", line 79, in app
    await wrap_app_handling_exceptions(app, request)(scope, receive, send)
  File "/Users/antenehtessema/Desktop/botsalgo/venv/lib/python3.11/site-packages/starlette/_exception_handler.py", line 64, in wrapped_app
    raise exc
  File "/Users/antenehtessema/Desktop/botsalgo/venv/lib/python3.11/site-packages/starlette/_exception_handler.py", line 53, in wrapped_app
    await app(scope, receive, sender)
  File "/Users/antenehtessema/Desktop/botsalgo/venv/lib/python3.11/site-packages/starlette/routing.py", line 74, in app
    response = await func(request)
               ^^^^^^^^^^^^^^^^^^^
  File "/Users/antenehtessema/Desktop/botsalgo/venv/lib/python3.11/site-packages/fastapi/routing.py", line 307, in app
    response = actual_response_class(content, **response_args)
               ^^^^^^^^^^^^^^^^^^^^^^^^^^^^^^^^^^^^^^^^^^^^^^^
  File "/Users/antenehtessema/Desktop/botsalgo/venv/lib/python3.11/site-packages/starlette/responses.py", line 183, in __init__
    super().__init__(content, status_code, headers, media_type, background)
  File "/Users/antenehtessema/Desktop/botsalgo/venv/lib/python3.11/site-packages/starlette/responses.py", line 41, in __init__
    self.body = self.render(content)
                ^^^^^^^^^^^^^^^^^^^^
  File "/Users/antenehtessema/Desktop/botsalgo/venv/lib/python3.11/site-packages/starlette/responses.py", line 186, in render
    return json.dumps(
           ^^^^^^^^^^^
  File "/Users/antenehtessema/.pyenv/versions/3.11.7/lib/python3.11/json/__init__.py", line 238, in dumps
    **kw).encode(obj)
          ^^^^^^^^^^^
  File "/Users/antenehtessema/.pyenv/versions/3.11.7/lib/python3.11/json/encoder.py", line 200, in encode
    chunks = self.iterencode(o, _one_shot=True)
             ^^^^^^^^^^^^^^^^^^^^^^^^^^^^^^^^^^
  File "/Users/antenehtessema/.pyenv/versions/3.11.7/lib/python3.11/json/encoder.py", line 258, in iterencode
    return _iterencode(o, 0)
           ^^^^^^^^^^^^^^^^^
ValueError: Out of range float values are not JSON compliant
INFO:     127.0.0.1:50274 - "GET /v1/analysis/weights HTTP/1.1" 200 OK
INFO:     127.0.0.1:50275 - "GET /docs HTTP/1.1" 200 OK
INFO:     Shutting down
INFO:     Waiting for application shutdown.
INFO:     Application shutdown complete.
INFO:     Finished server process [7485]
