2025-05-20 19:45:52,754 - passlib.handlers.bcrypt - WARNING - (trapped) error reading bcrypt version
Traceback (most recent call last):
  File "/Users/antenehtessema/Desktop/botsalgo/venv/lib/python3.11/site-packages/passlib/handlers/bcrypt.py", line 620, in _load_backend_mixin
    version = _bcrypt.__about__.__version__
              ^^^^^^^^^^^^^^^^^
AttributeError: module 'bcrypt' has no attribute '__about__'
2025-05-20 19:45:52,974 - strategy-api - INFO - Created default admin user: admin
2025-05-20 19:45:52,983 - strategy-api - INFO - Starting Strategy Analysis API v2.0.0 on 0.0.0.0:8000
2025-05-20 19:45:52,984 - strategy-api - INFO - API URLs:
2025-05-20 19:45:52,984 - strategy-api - INFO -   - http://localhost:8000/v1/analysis/summary
2025-05-20 19:45:52,984 - strategy-api - INFO -   - http://localhost:8000/v1/analysis/weights
2025-05-20 19:45:52,984 - strategy-api - INFO -   - http://localhost:8000/health (health check)
2025-05-20 19:45:52,984 - strategy-api - INFO -   - http://localhost:8000/docs (API documentation)
2025-05-20 19:45:53,217 - strategy-api - INFO - Created default admin user: admin
2025-05-20 19:45:53,225 - strategy-api - INFO - Starting Strategy Analysis API v2.0.0
2025-05-20 19:45:53,226 - strategy-api - INFO - Data validation: Summary=True, Weights=True
2025-05-20 19:45:53,226 - strategy-api - INFO - Security: API Key Auth=False, Rate Limit=60
2025-05-20 19:46:03,672 - strategy-api - INFO - Request: GET / Status: 404 Time: 0.0003s
2025-05-20 19:46:03,877 - audit - INFO - SECURITY | Type: LOGIN_SUCCESS | Severity: INFO | Details: User admin logged in
2025-05-20 19:46:03,881 - strategy-api - INFO - Request: POST /v1/auth/token Status: 200 Time: 0.2065s
2025-05-20 19:46:03,884 - strategy-api - INFO - Loading summary data from /Users/antenehtessema/Desktop/botsalgo/data/summary_report.csv
2025-05-20 19:46:03,885 - strategy-api - INFO - Processed 42 summary records successfully
2025-05-20 19:46:03,885 - strategy-api - INFO - Request: GET /v1/analysis/summary Status: 200 Time: 0.0025s
2025-05-20 19:46:03,887 - strategy-api - INFO - Loading weights data from /Users/antenehtessema/Desktop/botsalgo/data/weight_table.json
2025-05-20 19:46:03,887 - strategy-api - INFO - Loaded weights for 7 market types
2025-05-20 19:46:03,888 - strategy-api - INFO - Request: GET /v1/analysis/weights Status: 200 Time: 0.0007s
2025-05-20 19:47:14,797 - audit - INFO - SECURITY | Type: LOGIN_SUCCESS | Severity: INFO | Details: User admin logged in
2025-05-20 19:47:14,798 - strategy-api - INFO - Request: POST /v1/auth/token Status: 200 Time: 0.2093s
2025-05-20 19:47:14,800 - strategy-api - INFO - Request: GET /v1/admin/users Status: 422 Time: 0.0003s
2025-05-20 19:48:40,131 - strategy-api - INFO - Shutting down Strategy Analysis API v2.0.0
2025-05-20 19:48:40,131 - strategy-api - INFO - API uptime: 167.12s
